0    [AWT-EventQueue-0] INFO  ca.sqlpower.architect.ArchitectUtils  - Log4J configured successfully
297  [AWT-EventQueue-0] INFO  ca.sqlpower.sql.PlDotIni  - Beginning to read/merge new pl.ini data
359  [AWT-EventQueue-0] INFO  ca.sqlpower.sql.PlDotIni  - Finished reading file.
359  [AWT-EventQueue-0] INFO  ca.sqlpower.sql.PlDotIni  - Beginning to read/merge new pl.ini data
390  [AWT-EventQueue-0] INFO  ca.sqlpower.sql.PlDotIni  - Finished reading file.
22001 [Thread-5] ERROR ca.sqlpower.architect.swingui.action.CheckForUpdateAction  - Fail to retrieve current version number!
2414486 [AWT-EventQueue-0] WARN  ca.sqlpower.sqlobject.ForeignKeyColumnUpdaterPoolingSPListener  - Warning: unknown SQLTypePhysicalProperties property name changed while monitoring pkTable
2480127 [AWT-EventQueue-0] INFO  ca.sqlpower.architect.swingui.PlayPen  - Drop: I am over dtde=java.awt.dnd.DropTargetDropEvent[source=java.awt.dnd.DropTarget@2cfbdb]
4308171 [AWT-EventQueue-0] INFO  ca.sqlpower.architect.swingui.PlayPen  - Drop: I am over dtde=java.awt.dnd.DropTargetDropEvent[source=java.awt.dnd.DropTarget@10a5c0f]
4308171 [Objects-Adder] INFO  ca.sqlpower.architect.swingui.PlayPen  - AddObjectsTask starting on thread Objects-Adder
4308171 [Objects-Adder] INFO  ca.sqlpower.architect.swingui.PlayPen  - AddObjectsTask done
4308186 [AWT-EventQueue-0] ERROR ca.sqlpower.architect.swingui.PlayPen  - Unknown object dropped in PlayPen: cidade: VARCHAR(30)
4494302 [AWT-EventQueue-0] INFO  ca.sqlpower.architect.ddl.GenericDDLGenerator  - endStatement: 
CREATE TABLE Tb_FORNECEDOR (
                Cod_fornecedor VARCHAR NOT NULL,
                nome_contato VARCHAR NOT NULL,
                telefone_1 VARCHAR(15),
                telefone_2 VARCHAR(15),
                email VARCHAR(50) NOT NULL,
                CONSTRAINT Tb_FORNECEDOR_pk PRIMARY KEY (Cod_fornecedor)
)
4494302 [AWT-EventQueue-0] INFO  ca.sqlpower.architect.ddl.GenericDDLGenerator  - endStatement: 
COMMENT ON TABLE Tb_FORNECEDOR IS 'tabela fornecedor'
4494302 [AWT-EventQueue-0] INFO  ca.sqlpower.architect.ddl.GenericDDLGenerator  - endStatement: 
COMMENT ON COLUMN Tb_FORNECEDOR.telefone_1 IS 'DDD e numero'
4494302 [AWT-EventQueue-0] INFO  ca.sqlpower.architect.ddl.GenericDDLGenerator  - endStatement: 


CREATE TABLE Tb_PRODUTO (
                cod_produto VARCHAR NOT NULL,
                nome VARCHAR(20) NOT NULL,
                categoria VARCHAR(20) NOT NULL,
                valor_produto DECIMAL NOT NULL,
                Cod_fornecedor VARCHAR NOT NULL,
                CONSTRAINT Tb_PRODUTO_pk PRIMARY KEY (cod_produto)
)
4494302 [AWT-EventQueue-0] INFO  ca.sqlpower.architect.ddl.GenericDDLGenerator  - endStatement: 
COMMENT ON TABLE Tb_PRODUTO IS 'tabela dos produtos'
4494302 [AWT-EventQueue-0] INFO  ca.sqlpower.architect.ddl.GenericDDLGenerator  - endStatement: 
COMMENT ON COLUMN Tb_PRODUTO.cod_produto IS 'codigo referente ao produto'
4494302 [AWT-EventQueue-0] INFO  ca.sqlpower.architect.ddl.GenericDDLGenerator  - endStatement: 


CREATE TABLE Tb_ESTOQUE (
                cod_produto VARCHAR NOT NULL,
                Cod_fornecedor VARCHAR NOT NULL,
                qtd_estoque INTEGER NOT NULL,
                CONSTRAINT Tb_ESTOQUE_pk PRIMARY KEY (cod_produto, Cod_fornecedor)
)
4494302 [AWT-EventQueue-0] INFO  ca.sqlpower.architect.ddl.GenericDDLGenerator  - endStatement: 
COMMENT ON TABLE Tb_ESTOQUE IS 'tabela de estoque'
4494302 [AWT-EventQueue-0] INFO  ca.sqlpower.architect.ddl.GenericDDLGenerator  - endStatement: 
COMMENT ON COLUMN Tb_ESTOQUE.cod_produto IS 'codigo referente ao produto'
4494302 [AWT-EventQueue-0] INFO  ca.sqlpower.architect.ddl.GenericDDLGenerator  - endStatement: 


CREATE TABLE Tb_CLIENTE (
                cod_cliente VARCHAR(20) NOT NULL,
                nome VARCHAR(50) NOT NULL,
                telefone_1 VARCHAR(15),
                telefone_2 VARCHAR(15),
                email VARCHAR(50) NOT NULL,
                rua VARCHAR(50) NOT NULL,
                bairro VARCHAR(50) NOT NULL,
                cidade VARCHAR(30) NOT NULL,
                estado VARCHAR(20) NOT NULL,
                cep VARCHAR(15) NOT NULL,
                CONSTRAINT Tb_CLIENTE_pk PRIMARY KEY (cod_cliente)
)
4494302 [AWT-EventQueue-0] INFO  ca.sqlpower.architect.ddl.GenericDDLGenerator  - endStatement: 
COMMENT ON TABLE Tb_CLIENTE IS 'Essa tabela referente aos clientes'
4494302 [AWT-EventQueue-0] INFO  ca.sqlpower.architect.ddl.GenericDDLGenerator  - endStatement: 
COMMENT ON COLUMN Tb_CLIENTE.cod_cliente IS 'tabela baseada em dados do cliente'
4494302 [AWT-EventQueue-0] INFO  ca.sqlpower.architect.ddl.GenericDDLGenerator  - endStatement: 
COMMENT ON COLUMN Tb_CLIENTE.nome IS 'nome e sobrenome'
4494302 [AWT-EventQueue-0] INFO  ca.sqlpower.architect.ddl.GenericDDLGenerator  - endStatement: 
COMMENT ON COLUMN Tb_CLIENTE.telefone_1 IS 'ddd e numero'
4494302 [AWT-EventQueue-0] INFO  ca.sqlpower.architect.ddl.GenericDDLGenerator  - endStatement: 
COMMENT ON COLUMN Tb_CLIENTE.telefone_2 IS 'ddd e telefone'
4494302 [AWT-EventQueue-0] INFO  ca.sqlpower.architect.ddl.GenericDDLGenerator  - endStatement: 


CREATE TABLE Tb_PESSOA_JURIDICA (
                cod_cliente VARCHAR(20) NOT NULL,
                cnpj VARCHAR(20) NOT NULL,
                ie VARCHAR(20) NOT NULL,
                CONSTRAINT Tb_PESSOA_JURIDICA_pk PRIMARY KEY (cod_cliente)
)
4494302 [AWT-EventQueue-0] INFO  ca.sqlpower.architect.ddl.GenericDDLGenerator  - endStatement: 
COMMENT ON COLUMN Tb_PESSOA_JURIDICA.cod_cliente IS 'tabela baseada em dados do cliente'
4494302 [AWT-EventQueue-0] INFO  ca.sqlpower.architect.ddl.GenericDDLGenerator  - endStatement: 


CREATE TABLE Tb_PESSOA_FISICA (
                cod_cliente VARCHAR(20) NOT NULL,
                cof VARCHAR(11) NOT NULL,
                rg VARCHAR(15) NOT NULL,
                CONSTRAINT Tb_PESSOA_FISICA_pk PRIMARY KEY (cod_cliente)
)
4494302 [AWT-EventQueue-0] INFO  ca.sqlpower.architect.ddl.GenericDDLGenerator  - endStatement: 
COMMENT ON COLUMN Tb_PESSOA_FISICA.cod_cliente IS 'tabela baseada em dados do cliente'
4494302 [AWT-EventQueue-0] INFO  ca.sqlpower.architect.ddl.GenericDDLGenerator  - endStatement: 


CREATE TABLE Tb_PEDIDO (
                Cod_pedido VARCHAR(10) NOT NULL,
                data DATE NOT NULL,
                valor_pedido DECIMAL NOT NULL,
                cod_cliente VARCHAR(20) NOT NULL,
                CONSTRAINT Tb_PEDIDO_pk PRIMARY KEY (Cod_pedido)
)
4494302 [AWT-EventQueue-0] INFO  ca.sqlpower.architect.ddl.GenericDDLGenerator  - endStatement: 
COMMENT ON TABLE Tb_PEDIDO IS 'tabela relacionada aos pedidos'
4494302 [AWT-EventQueue-0] INFO  ca.sqlpower.architect.ddl.GenericDDLGenerator  - endStatement: 
COMMENT ON COLUMN Tb_PEDIDO.cod_cliente IS 'tabela baseada em dados do cliente'
4494302 [AWT-EventQueue-0] INFO  ca.sqlpower.architect.ddl.GenericDDLGenerator  - endStatement: 


CREATE TABLE Tb_VENDEDOR (
                cod_vendedor VARCHAR(10) NOT NULL,
                Cod_pedido VARCHAR(10) NOT NULL,
                PEDIDO_Cod_pedido VARCHAR(10) NOT NULL,
                nome VARCHAR(20) NOT NULL,
                pontos_pedido INTEGER NOT NULL,
                CONSTRAINT Tb_VENDEDOR_pk PRIMARY KEY (cod_vendedor, Cod_pedido, PEDIDO_Cod_pedido)
)
4494302 [AWT-EventQueue-0] INFO  ca.sqlpower.architect.ddl.GenericDDLGenerator  - endStatement: 
COMMENT ON TABLE Tb_VENDEDOR IS 'tabela vendedor'
4494302 [AWT-EventQueue-0] INFO  ca.sqlpower.architect.ddl.GenericDDLGenerator  - endStatement: 
COMMENT ON COLUMN Tb_VENDEDOR.nome IS 'nome e sobrenome'
4494302 [AWT-EventQueue-0] INFO  ca.sqlpower.architect.ddl.GenericDDLGenerator  - endStatement: 


CREATE TABLE Tb_ITEM_PEDIDO (
                Cod_pedido VARCHAR(10) NOT NULL,
                cod_produto VARCHAR NOT NULL,
                qtd_pedido INTEGER NOT NULL,
                valor_item DECIMAL NOT NULL,
                CONSTRAINT Tb_ITEM_PEDIDO_pk PRIMARY KEY (Cod_pedido, cod_produto)
)
4494302 [AWT-EventQueue-0] INFO  ca.sqlpower.architect.ddl.GenericDDLGenerator  - endStatement: 
COMMENT ON TABLE Tb_ITEM_PEDIDO IS 'tabela com itens pedidos'
4494302 [AWT-EventQueue-0] INFO  ca.sqlpower.architect.ddl.GenericDDLGenerator  - endStatement: 
COMMENT ON COLUMN Tb_ITEM_PEDIDO.cod_produto IS 'codigo referente ao produto'
4494302 [AWT-EventQueue-0] INFO  ca.sqlpower.architect.ddl.GenericDDLGenerator  - endStatement: 


ALTER TABLE Tb_PRODUTO ADD CONSTRAINT Tb_FORNECEDOR_Tb_PRODUTO_fk
FOREIGN KEY (Cod_fornecedor)
REFERENCES Tb_FORNECEDOR (Cod_fornecedor)
ON DELETE NO ACTION
ON UPDATE NO ACTION
NOT DEFERRABLE
4494302 [AWT-EventQueue-0] INFO  ca.sqlpower.architect.ddl.GenericDDLGenerator  - endStatement: 

ALTER TABLE Tb_ESTOQUE ADD CONSTRAINT Tb_FORNECEDOR_Tb_ESTOQUE_fk
FOREIGN KEY (Cod_fornecedor)
REFERENCES Tb_FORNECEDOR (Cod_fornecedor)
ON DELETE NO ACTION
ON UPDATE NO ACTION
NOT DEFERRABLE
4494302 [AWT-EventQueue-0] INFO  ca.sqlpower.architect.ddl.GenericDDLGenerator  - endStatement: 

ALTER TABLE Tb_ITEM_PEDIDO ADD CONSTRAINT Tb_PRODUTO_Tb_ITEM_PEDIDO_fk
FOREIGN KEY (cod_produto)
REFERENCES Tb_PRODUTO (cod_produto)
ON DELETE NO ACTION
ON UPDATE NO ACTION
NOT DEFERRABLE
4494302 [AWT-EventQueue-0] INFO  ca.sqlpower.architect.ddl.GenericDDLGenerator  - endStatement: 

ALTER TABLE Tb_ESTOQUE ADD CONSTRAINT Tb_PRODUTO_Tb_ESTOQUE_fk
FOREIGN KEY (cod_produto)
REFERENCES Tb_PRODUTO (cod_produto)
ON DELETE NO ACTION
ON UPDATE NO ACTION
NOT DEFERRABLE
4494302 [AWT-EventQueue-0] INFO  ca.sqlpower.architect.ddl.GenericDDLGenerator  - endStatement: 

ALTER TABLE Tb_PEDIDO ADD CONSTRAINT Tb_CLIENTE_Tb_PEDIDO_fk
FOREIGN KEY (cod_cliente)
REFERENCES Tb_CLIENTE (cod_cliente)
ON DELETE NO ACTION
ON UPDATE NO ACTION
NOT DEFERRABLE
4494302 [AWT-EventQueue-0] INFO  ca.sqlpower.architect.ddl.GenericDDLGenerator  - endStatement: 

ALTER TABLE Tb_PESSOA_FISICA ADD CONSTRAINT Tb_CLIENTE_Tb_PESSOA_FISICA_fk
FOREIGN KEY (cod_cliente)
REFERENCES Tb_CLIENTE (cod_cliente)
ON DELETE NO ACTION
ON UPDATE NO ACTION
NOT DEFERRABLE
4494302 [AWT-EventQueue-0] INFO  ca.sqlpower.architect.ddl.GenericDDLGenerator  - endStatement: 

ALTER TABLE Tb_PESSOA_JURIDICA ADD CONSTRAINT Tb_CLIENTE_Tb_PESSOA_JURIDICA_fk
FOREIGN KEY (cod_cliente)
REFERENCES Tb_CLIENTE (cod_cliente)
ON DELETE NO ACTION
ON UPDATE NO ACTION
NOT DEFERRABLE
4494302 [AWT-EventQueue-0] INFO  ca.sqlpower.architect.ddl.GenericDDLGenerator  - endStatement: 

ALTER TABLE Tb_ITEM_PEDIDO ADD CONSTRAINT Tb_PEDIDO_Tb_ITEM_PEDIDO_fk
FOREIGN KEY (Cod_pedido)
REFERENCES Tb_PEDIDO (Cod_pedido)
ON DELETE NO ACTION
ON UPDATE NO ACTION
NOT DEFERRABLE
4494302 [AWT-EventQueue-0] INFO  ca.sqlpower.architect.ddl.GenericDDLGenerator  - endStatement: 

ALTER TABLE Tb_VENDEDOR ADD CONSTRAINT Tb_PEDIDO_Tb_VENDEDOR_fk
FOREIGN KEY (Cod_pedido)
REFERENCES Tb_PEDIDO (Cod_pedido)
ON DELETE NO ACTION
ON UPDATE NO ACTION
NOT DEFERRABLE
4494302 [AWT-EventQueue-0] INFO  ca.sqlpower.architect.ddl.GenericDDLGenerator  - endStatement: 

ALTER TABLE Tb_VENDEDOR ADD CONSTRAINT Tb_PEDIDO_Tb_VENDEDOR_fk1
FOREIGN KEY (PEDIDO_Cod_pedido)
REFERENCES Tb_PEDIDO (Cod_pedido)
ON DELETE NO ACTION
ON UPDATE NO ACTION
NOT DEFERRABLE
4494302 [AWT-EventQueue-0] INFO  ca.sqlpower.architect.swingui.SQLScriptDialog  - The list size is :38
4503628 [AWT-EventQueue-0] INFO  ca.sqlpower.architect.swingui.SQLScriptDialog  - SQL_FILE_FILTER:SQL Script Files:[sql, ddl]
4573846 [AWT-EventQueue-0] INFO  ca.sqlpower.architect.ddl.GenericDDLGenerator  - endStatement: <createTable tableName="Tb_FORNECEDOR" remarks="tabela fornecedor">
  <column name="Cod_fornecedor" type="VARCHAR(0)">
    <constraints nullable="false"/>
  </column>
  <column name="nome_contato" type="VARCHAR(0)">
    <constraints nullable="false"/>
  </column>
  <column name="telefone_1" type="VARCHAR(15)" remarks="DDD e numero"/>
  <column name="telefone_2" type="VARCHAR(15)"/>
  <column name="email" type="VARCHAR(50)">
    <constraints nullable="false"/>
  </column>
</createTable>
<addPrimaryKey tableName="Tb_FORNECEDOR" constraintName="Tb_FORNECEDOR_pk" columnNames="Cod_fornecedor"/>

4573846 [AWT-EventQueue-0] INFO  ca.sqlpower.architect.ddl.GenericDDLGenerator  - endStatement: 
<createTable tableName="Tb_PRODUTO" remarks="tabela dos produtos">
  <column name="cod_produto" type="VARCHAR(0)" remarks="codigo referente ao produto">
    <constraints nullable="false"/>
  </column>
  <column name="nome" type="VARCHAR(20)">
    <constraints nullable="false"/>
  </column>
  <column name="categoria" type="VARCHAR(20)">
    <constraints nullable="false"/>
  </column>
  <column name="valor_produto" type="DECIMAL(0,0)">
    <constraints nullable="false"/>
  </column>
  <column name="Cod_fornecedor" type="VARCHAR(0)">
    <constraints nullable="false"/>
  </column>
</createTable>
<addPrimaryKey tableName="Tb_PRODUTO" constraintName="Tb_PRODUTO_pk" columnNames="cod_produto"/>

4573846 [AWT-EventQueue-0] INFO  ca.sqlpower.architect.ddl.GenericDDLGenerator  - endStatement: 
<createTable tableName="Tb_ESTOQUE" remarks="tabela de estoque">
  <column name="cod_produto" type="VARCHAR(0)" remarks="codigo referente ao produto">
    <constraints nullable="false"/>
  </column>
  <column name="Cod_fornecedor" type="VARCHAR(0)">
    <constraints nullable="false"/>
  </column>
  <column name="qtd_estoque" type="INTEGER">
    <constraints nullable="false"/>
  </column>
</createTable>

4573846 [AWT-EventQueue-0] INFO  ca.sqlpower.architect.ddl.GenericDDLGenerator  - endStatement: 
<createTable tableName="Tb_CLIENTE" remarks="Essa tabela referente aos clientes">
  <column name="cod_cliente" type="VARCHAR(20)" remarks="tabela baseada em dados do cliente">
    <constraints nullable="false"/>
  </column>
  <column name="nome" type="VARCHAR(50)" remarks="nome e sobrenome">
    <constraints nullable="false"/>
  </column>
  <column name="telefone_1" type="VARCHAR(15)" remarks="ddd e numero"/>
  <column name="telefone_2" type="VARCHAR(15)" remarks="ddd e telefone"/>
  <column name="email" type="VARCHAR(50)">
    <constraints nullable="false"/>
  </column>
  <column name="rua" type="VARCHAR(50)">
    <constraints nullable="false"/>
  </column>
  <column name="bairro" type="VARCHAR(50)">
    <constraints nullable="false"/>
  </column>
  <column name="cidade" type="VARCHAR(30)">
    <constraints nullable="false"/>
  </column>
  <column name="estado" type="VARCHAR(20)">
    <constraints nullable="false"/>
  </column>
  <column name="cep" type="VARCHAR(15)">
    <constraints nullable="false"/>
  </column>
</createTable>
<addPrimaryKey tableName="Tb_CLIENTE" constraintName="Tb_CLIENTE_pk" columnNames="cod_cliente"/>

4573846 [AWT-EventQueue-0] INFO  ca.sqlpower.architect.ddl.GenericDDLGenerator  - endStatement: 
<createTable tableName="Tb_PESSOA_JURIDICA">
  <column name="cod_cliente" type="VARCHAR(20)" remarks="tabela baseada em dados do cliente">
    <constraints nullable="false"/>
  </column>
  <column name="cnpj" type="VARCHAR(20)">
    <constraints nullable="false"/>
  </column>
  <column name="ie" type="VARCHAR(20)">
    <constraints nullable="false"/>
  </column>
</createTable>
<addPrimaryKey tableName="Tb_PESSOA_JURIDICA" constraintName="Tb_PESSOA_JURIDICA_pk" columnNames="cod_cliente"/>

4573846 [AWT-EventQueue-0] INFO  ca.sqlpower.architect.ddl.GenericDDLGenerator  - endStatement: 
<createTable tableName="Tb_PESSOA_FISICA">
  <column name="cod_cliente" type="VARCHAR(20)" remarks="tabela baseada em dados do cliente">
    <constraints nullable="false"/>
  </column>
  <column name="cof" type="VARCHAR(11)">
    <constraints nullable="false"/>
  </column>
  <column name="rg" type="VARCHAR(15)">
    <constraints nullable="false"/>
  </column>
</createTable>
<addPrimaryKey tableName="Tb_PESSOA_FISICA" constraintName="Tb_PESSOA_FISICA_pk" columnNames="cod_cliente"/>

4573846 [AWT-EventQueue-0] INFO  ca.sqlpower.architect.ddl.GenericDDLGenerator  - endStatement: 
<createTable tableName="Tb_PEDIDO" remarks="tabela relacionada aos pedidos">
  <column name="Cod_pedido" type="VARCHAR(10)">
    <constraints nullable="false"/>
  </column>
  <column name="data" type="DATE">
    <constraints nullable="false"/>
  </column>
  <column name="valor_pedido" type="DECIMAL(0,0)">
    <constraints nullable="false"/>
  </column>
  <column name="cod_cliente" type="VARCHAR(20)" remarks="tabela baseada em dados do cliente">
    <constraints nullable="false"/>
  </column>
</createTable>
<addPrimaryKey tableName="Tb_PEDIDO" constraintName="Tb_PEDIDO_pk" columnNames="Cod_pedido"/>

4573846 [AWT-EventQueue-0] INFO  ca.sqlpower.architect.ddl.GenericDDLGenerator  - endStatement: 
<createTable tableName="Tb_VENDEDOR" remarks="tabela vendedor">
  <column name="cod_vendedor" type="VARCHAR(10)">
    <constraints nullable="false"/>
  </column>
  <column name="Cod_pedido" type="VARCHAR(10)">
    <constraints nullable="false"/>
  </column>
  <column name="PEDIDO_Cod_pedido" type="VARCHAR(10)">
    <constraints nullable="false"/>
  </column>
  <column name="nome" type="VARCHAR(20)" remarks="nome e sobrenome">
    <constraints nullable="false"/>
  </column>
  <column name="pontos_pedido" type="INTEGER">
    <constraints nullable="false"/>
  </column>
</createTable>

4573846 [AWT-EventQueue-0] INFO  ca.sqlpower.architect.ddl.GenericDDLGenerator  - endStatement: 
<createTable tableName="Tb_ITEM_PEDIDO" remarks="tabela com itens pedidos">
  <column name="Cod_pedido" type="VARCHAR(10)">
    <constraints nullable="false"/>
  </column>
  <column name="cod_produto" type="VARCHAR(0)" remarks="codigo referente ao produto">
    <constraints nullable="false"/>
  </column>
  <column name="qtd_pedido" type="INTEGER">
    <constraints nullable="false"/>
  </column>
  <column name="valor_item" type="DECIMAL(0,0)">
    <constraints nullable="false"/>
  </column>
</createTable>

4573846 [AWT-EventQueue-0] INFO  ca.sqlpower.architect.ddl.GenericDDLGenerator  - endStatement: 
<addForeignKeyConstraint baseTableName="Tb_PRODUTO" constraintName="Tb_FORNECEDOR_Tb_PRODUTO_fk" baseColumnNames="Cod_fornecedor" referencedTableName="Tb_FORNECEDOR" referencedColumnNames="Cod_fornecedor"/>

4573846 [AWT-EventQueue-0] INFO  ca.sqlpower.architect.ddl.GenericDDLGenerator  - endStatement: 
<addForeignKeyConstraint baseTableName="Tb_ESTOQUE" constraintName="Tb_FORNECEDOR_Tb_ESTOQUE_fk" baseColumnNames="Cod_fornecedor" referencedTableName="Tb_FORNECEDOR" referencedColumnNames="Cod_fornecedor"/>

4573846 [AWT-EventQueue-0] INFO  ca.sqlpower.architect.ddl.GenericDDLGenerator  - endStatement: 
<addForeignKeyConstraint baseTableName="Tb_ITEM_PEDIDO" constraintName="Tb_PRODUTO_Tb_ITEM_PEDIDO_fk" baseColumnNames="cod_produto" referencedTableName="Tb_PRODUTO" referencedColumnNames="cod_produto"/>

4573846 [AWT-EventQueue-0] INFO  ca.sqlpower.architect.ddl.GenericDDLGenerator  - endStatement: 
<addForeignKeyConstraint baseTableName="Tb_ESTOQUE" constraintName="Tb_PRODUTO_Tb_ESTOQUE_fk" baseColumnNames="cod_produto" referencedTableName="Tb_PRODUTO" referencedColumnNames="cod_produto"/>

4573846 [AWT-EventQueue-0] INFO  ca.sqlpower.architect.ddl.GenericDDLGenerator  - endStatement: 
<addForeignKeyConstraint baseTableName="Tb_PEDIDO" constraintName="Tb_CLIENTE_Tb_PEDIDO_fk" baseColumnNames="cod_cliente" referencedTableName="Tb_CLIENTE" referencedColumnNames="cod_cliente"/>

4573846 [AWT-EventQueue-0] INFO  ca.sqlpower.architect.ddl.GenericDDLGenerator  - endStatement: 
<addForeignKeyConstraint baseTableName="Tb_PESSOA_FISICA" constraintName="Tb_CLIENTE_Tb_PESSOA_FISICA_fk" baseColumnNames="cod_cliente" referencedTableName="Tb_CLIENTE" referencedColumnNames="cod_cliente"/>

4573846 [AWT-EventQueue-0] INFO  ca.sqlpower.architect.ddl.GenericDDLGenerator  - endStatement: 
<addForeignKeyConstraint baseTableName="Tb_PESSOA_JURIDICA" constraintName="Tb_CLIENTE_Tb_PESSOA_JURIDICA_fk" baseColumnNames="cod_cliente" referencedTableName="Tb_CLIENTE" referencedColumnNames="cod_cliente"/>

4573846 [AWT-EventQueue-0] INFO  ca.sqlpower.architect.ddl.GenericDDLGenerator  - endStatement: 
<addForeignKeyConstraint baseTableName="Tb_ITEM_PEDIDO" constraintName="Tb_PEDIDO_Tb_ITEM_PEDIDO_fk" baseColumnNames="Cod_pedido" referencedTableName="Tb_PEDIDO" referencedColumnNames="Cod_pedido"/>

4573846 [AWT-EventQueue-0] INFO  ca.sqlpower.architect.ddl.GenericDDLGenerator  - endStatement: 
<addForeignKeyConstraint baseTableName="Tb_VENDEDOR" constraintName="Tb_PEDIDO_Tb_VENDEDOR_fk" baseColumnNames="Cod_pedido" referencedTableName="Tb_PEDIDO" referencedColumnNames="Cod_pedido"/>

4573846 [AWT-EventQueue-0] INFO  ca.sqlpower.architect.ddl.GenericDDLGenerator  - endStatement: 
<addForeignKeyConstraint baseTableName="Tb_VENDEDOR" constraintName="Tb_PEDIDO_Tb_VENDEDOR_fk1" baseColumnNames="PEDIDO_Cod_pedido" referencedTableName="Tb_PEDIDO" referencedColumnNames="Cod_pedido"/>

4573846 [AWT-EventQueue-0] INFO  ca.sqlpower.architect.swingui.SQLScriptDialog  - The list size is :21
0    [AWT-EventQueue-0] INFO  ca.sqlpower.architect.ArchitectUtils  - Log4J configured successfully
297  [AWT-EventQueue-0] INFO  ca.sqlpower.sql.PlDotIni  - Beginning to read/merge new pl.ini data
359  [AWT-EventQueue-0] INFO  ca.sqlpower.sql.PlDotIni  - Finished reading file.
359  [AWT-EventQueue-0] INFO  ca.sqlpower.sql.PlDotIni  - Beginning to read/merge new pl.ini data
391  [AWT-EventQueue-0] INFO  ca.sqlpower.sql.PlDotIni  - Finished reading file.
